--BPS-0730: Status: Opening log file: 'C:/Users/aptay/Dropbox/adiuvo/bluepearl/BPS_custom_blog/Results/bluepearl.log' @ '12/09/2019 10:15'
--BPS-0730: Status: Blue Pearl Visual Verification Suite Version 2019.1.53518 06/15/2019 18:45. Windows (64-bit).
Copyright (c) 2004-2019 Blue Pearl Software, Inc
Portions of this software are (c) 2015 The Qt Company Ltd and other contributors under the GNU LGPL version 3 license.
--BPS-0730: Status: Installation Path: C:/Program Files/Blue Pearl Software, Inc/Blue Pearl Visual Verification Environment x64
--BPS-0730: Status: Running as: aptay@DESKTOP-HQKVQ13
--BPS-0730: Status: Running from: C:/Users/aptay/Dropbox/adiuvo/bluepearl/BPS_custom_blog
--BPS-0730: Status: Relative -f file 'Results/bluepearl.bluepearlgenerated.f' using absolute path 'C:/Users/aptay/Dropbox/adiuvo/bluepearl/BPS_custom_blog/Results/bluepearl.bluepearlgenerated.f'.
--BPS-0730: Status: Command Line Expanding -f file: 'C:/Users/aptay/Dropbox/adiuvo/bluepearl/BPS_custom_blog/Results/bluepearl.bluepearlgenerated.f'.
--BPS-0730: Status: Unprocessed CLI Arguments: -f Results/bluepearl.bluepearlgenerated.f
--BPS-0730: Status: Effective CLI Arguments: 
   -output
   C:/Users/aptay/Dropbox/adiuvo/bluepearl/BPS_custom_blog/Results
   -tcl
   C:/Users/aptay/Dropbox/adiuvo/bluepearl/BPS_custom_blog/Results/bluepearl.settings.tcl
   -tcl
   C:/Users/aptay/Dropbox/adiuvo/bluepearl/BPS_custom_blog/Results/bluepearl.runme.tcl
--BPS-0730: Status: Reading initialization file: 'C:/Program Files/Blue Pearl Software, Inc/Blue Pearl Visual Verification Environment x64/bps_setup.tcl'
--BPS-0730: Status: Reading initialization file: 'C:/Users/aptay/Dropbox/adiuvo/bluepearl/BPS_custom_blog/bps_setup.tcl'
Time: Thu Sep 12 10:15:19 2019
--BPS-0730: Status: Reading user initialization file: 'C:/Users/aptay/Dropbox/adiuvo/bluepearl/BPS_custom_blog/Results/bluepearl.settings.tcl'
--BPS-0730: Status: Reading user initialization file: 'C:/Users/aptay/Dropbox/adiuvo/bluepearl/BPS_custom_blog/Results/bluepearl.runme.tcl'
--BPS-0730: Status: Reading design...
I-VHDL-1504: The default vhdl library search path is now "C:/Program Files/Blue Pearl Software, Inc/Blue Pearl Visual Verification Environment x64/vhdl_packages/ieee_2008/bin"
I-VERI-9014: The Verilog search library for imported/instantiated design units now includes 'work'
I-VNLR-9000: The Verilog netlist search library for imported/instantiated design units now includes 'work'
I-VHDL-9010: The VHDL search library for imported/instantiated design units now includes 'work'
I-SORT-9000: Pre-Analyzing 'VHDL 2008' file 'C:/Users/aptay/Dropbox/adiuvo/bluepearl/BPS_custom_blog/test_case.vhd' into library 'work'
--VHDL-1481: Analyzing VHDL 2008 file 'C:/Users/aptay/Dropbox/adiuvo/bluepearl/BPS_custom_blog/test_case.vhd' into library 'work'
--VHDL-1493: Restoring VHDL parse-tree 'ieee.std_logic_1164' from 'C:/Program Files/Blue Pearl Software, Inc/Blue Pearl Visual Verification Environment x64/vhdl_packages/ieee_2008/bin/ieee/std_logic_1164.vdb'
--VHDL-1493: Restoring VHDL parse-tree 'std.standard' from 'C:/Program Files/Blue Pearl Software, Inc/Blue Pearl Visual Verification Environment x64/vhdl_packages/ieee_2008/bin/std/standard.vdb'
--VHDL-1493: Restoring VHDL parse-tree 'std.textio' from 'C:/Program Files/Blue Pearl Software, Inc/Blue Pearl Visual Verification Environment x64/vhdl_packages/ieee_2008/bin/std/textio.vdb'
I-VHDL-1012: test_case.vhd(4): analyzing entity 'd_type'
I-VHDL-1010: test_case.vhd(11): analyzing architecture 'rtl' of 'd_type'
Adv-01: W-BPS-0040: test_case.vhd(17): Module: 'd_type(rtl)' More than one statement on this line.
--BPS-0730: Status: Determining HDL top level units
--BPS-0730: Status: Running parse tree analysis phase 1
--BPS-0730: Status: Completed Running parse tree analysis phase 1
--BPS-0729: Status: Elaborating (phase 1) into library work using the VHDL elaborator on 'd_type.rtl'
I-VHDL-1067: test_case.vhd(4): executing 'd_type(rtl)'
--BPS-0730: Status: Finished Elaborating (phase 1).
--BPS-0730: Status: Running parse tree analysis phase 2
--BPS-0730: Status: Completed Running parse tree analysis phase 2
--BPS-0730: Status: Running parse tree analysis phase 4
--BPS-0730: Status: Completed Running parse tree analysis phase 4
--BPS-0729: Status: Elaborating (phase 2) into library work using the VHDL elaborator on 'd_type.rtl'
I-VHDL-1067: test_case.vhd(4): executing 'd_type(rtl)'
--BPS-0730: Status: Finished Elaborating (phase 2).
===============================
Blue Pearl Missing Modules/Objects Report created on: Thu Sep 12 10:15:22 2019
--BPS-0730: Status: Creating 'C:/Users/aptay/Dropbox/adiuvo/bluepearl/BPS_custom_blog/Results/missing_modules.rpt'.
===============================
Missing Modules: 0
===============================
===============================
Time to generate Missing Modules/Objects report: 0.07 seconds
--BPS-0730: Status: Running static design modifications.
--BPS-0730: Status: Finished Running static design modifications.
--BPS-0730: Status: Running elaboration tree analysis.
--BPS-0730: Status: Finished Running elaboration tree analysis.
--BPS-0730: Status: BPS VDB file C:/Users/aptay/Dropbox/adiuvo/bluepearl/BPS_custom_blog/Results/bluepearl.bpsvdb exists. Creating back-up copy in C:/Users/aptay/Dropbox/adiuvo/bluepearl/BPS_custom_blog/Results/bluepearl.bpsvdb.bak
--BPS-0729: Status: Running final elaboration on 'd_type(rtl)'
--BPS-0729: Status: Final Elaboration of Netlist on 'd_type(rtl)'
--BPS-0729: Status: Finished Final Elaboration of Netlist on 'd_type(rtl)'
--BPS-0730: Status: Finished final elaboration.
--BPS-0730: Status: Finished final elaboration. Elapsed Time: 0.03 seconds.
--BPS-0730: Status: Finished elaborating design.
--BPS-0730: Status: Finished Reading Design. Elapsed Time: 1.97 seconds.
--BPS-0730: Status: Performing Netlist Expansion...
--BPS-0729: Status: Running Top Level Expansion on 'd_type'
--BPS-0730: Status: Creating Flat Nets
--BPS-0730: Status: Running Flat Net analysis on module (1 of 1)
--BPS-0730: Status: Creating Flat Nets on module 'd_type'...
--BPS-0730: Status: Creating Flat Net (1 of 5).
--BPS-0730: Status: Creating Flat Net (5 of 5).
--BPS-0730: Status: Finished Creating Flat Nets on module 'd_type'...
--BPS-0730: Status: Creating Flat Objects...
--BPS-0730: Status: Creating Flat Object (1 of 2).
--BPS-0730: Status: Creating Flat Object (2 of 2).
--BPS-0730: Status: Finished Creating Flat Objects...
--BPS-0730: Status: Processing DFF Register Nets
--BPS-0730: Status: Processing DFF Register Net (1 of 1).
--BPS-0730: Status: Finished Processing DFF Register Nets
--BPS-0730: Status: Processing Latch Register Nets
--BPS-0730: Status: Finished Processing Latch Register Nets
--BPS-0730: Status: Finished Flat Net analysis on module 'd_type'
--BPS-0730: Status: Completed Flat Net creation. Elapsed Time: 0.07 seconds.
--BPS-0729: Status: Validating Expansion on 'd_type'
--BPS-0730: Status: 	Finished validating expansion. Elapsed Time: 0 seconds.
--BPS-0730: Status: Completed expansion. Elapsed Time: 0.09 seconds.
--BPS-0730: Status: Finished Netlist Expansion. Elapsed Time: 0.1 seconds.
--BPS-0730: Status: Build and expand design. Elapsed Time: 2.07 seconds.
--BPS-0730: Status: Performing Reset Analysis Phase I...
--BPS-0730: Status: Completed Reset Analysis Phase I. Elapsed time: 0 seconds.
--BPS-0730: Status: Performing Reset Analysis Phase II...
--BPS-0730: Status: Performing Staged Reset Analysis...
--BPS-0730: Status: Analyzing Port for Staged Reset Analysis (1 of 4).
--BPS-0730: Status: Analyzing Port for Staged Reset Analysis (4 of 4).
--BPS-0730: Status: Analyzing DFF Stage 1 for Staged Reset Analysis (1 of 1).
--BPS-0730: Status: Analyzing DFF Stage 2 for Staged Reset Analysis (1 of 1).
--BPS-0730: Status: Completed Staged Reset Analysis. Elapsed time: 0.03 seconds.
--BPS-0730: Status: Completed Reset Analysis Phase II. Elapsed time: 0.03 seconds.
--BPS-0730: Status: Performing Reset Analysis Phase III...
--BPS-0730: Status: Completed Reset Analysis Phase III. Elapsed time: 0 seconds.
===============================
Blue Pearl Sets/Resets Report created on: Thu Sep 12 10:15:22 2019
--BPS-0730: Status: Creating 'C:/Users/aptay/Dropbox/adiuvo/bluepearl/BPS_custom_blog/Results/d_type_rtl.setreset.rpt'.
===============================
Reset/Set: d_type.reset is Asynchronous. It is a Primary Reset signal which is active High with reset logic None and is not synchronously de-asserted. Fanout: 1.
===============================
1 primary set/resets identified and reported.
0 internal set/resets identified and reported.
===============================
Time to generate Sets/Resets report: 0.04 seconds
--BPS-0730: Status: Performing Clock Tree Analysis...
--BPS-0730: Status: Completed Clock Tree Analysis. Elapsed time: 0.001 seconds.
===============================
Blue Pearl Equivalent Clocks Report created on: Thu Sep 12 10:15:22 2019
--BPS-0730: Status: Creating 'C:/Users/aptay/Dropbox/adiuvo/bluepearl/BPS_custom_blog/Results/d_type_rtl.equiv_clk.rpt'.
===============================
No equivalent clocks
===============================
Time to generate Equivalent Clocks report: 0.04 seconds
--BPS-0730: Status: Running constant analysis...
--BPS-0730: Status: Finished constant analysis...
--BPS-0730: Status: Performing Clock Interactions Load Phase...
--BPS-0730: Status: Performing Divided Clock Analysis...
--BPS-0730: Status: Completed Divided Clock Analysis. Elapsed time: 0 seconds.
--BPS-0730: Status: Performing Propagating Clock Tokens...
--BPS-0730: Status: Propagating clock token on port clock d_type.clk (1 of 1).
--BPS-0730: Status: Completed Propagating Clock Tokens. Elapsed time: 0 seconds.
--BPS-0730: Status: Performing Propagating Data Tokens...
--BPS-0730: Status: Performing Propagating Data Tokens at DFFs...
--BPS-0730: Status: Propagating Data Tokens at DFF (1 of 1).
--BPS-0730: Status: Completed Propagating Data Tokens at DFFs. Elapsed time: 0.008 seconds.
--BPS-0730: Status: Completed Propagating Data Tokens. Elapsed time: 0.009 seconds.
--BPS-0730: Status: Performing Analyzing DFF Tokens...
--BPS-0730: Status: Analyzing data tokens at DFF (1 of 1).
--BPS-0730: Status: Completed Analyzing DFF Tokens. Elapsed time: 0.009 seconds.
===============================
Blue Pearl Advanced Clock Environment Report Report created on: Thu Sep 12 10:15:22 2019
--BPS-0730: Status: Creating 'C:/Users/aptay/Dropbox/adiuvo/bluepearl/BPS_custom_blog/Results/d_type_rtl.adv_clk_environment.rpt'.
===============================
Advanced Clock Environment Report:
From clock: Unknown Clock To clock: clk
Synchronized: 0
Unsynchronized: 1
Issue: Unknown Clock interacts with clock clk in an unsynchronized manner across domains. Recommendation: Add synchronizers or merge the domains. Turning on the option to auto-detect clock domains may help merge domains.

From clock: clk To clock: Unknown Clock
Synchronized: 0
Unsynchronized: 1
Issue: clk interacts with clock Unknown Clock in an unsynchronized manner across domains. Recommendation: Add synchronizers or merge the domains. Turning on the option to auto-detect clock domains may help merge domains.
===============================
Time to generate Advanced Clock Environment Report report: 0.04 seconds
--BPS-0730: Status: Writing SDC file with formatting set by user options
--BPS-0730: Status: Creating 'C:/Users/aptay/Dropbox/adiuvo/bluepearl/BPS_custom_blog/Results/d_type_rtl.ace.sdc' SDC file.
--BPS-0730: Status: Completed Clock Interactions Load Phase. Elapsed time: 0.16 seconds.
===============================
Blue Pearl Clocks Report created on: Thu Sep 12 10:15:23 2019
--BPS-0730: Status: Creating 'C:/Users/aptay/Dropbox/adiuvo/bluepearl/BPS_custom_blog/Results/d_type_rtl.clk.rpt'.
===============================
Clock Report:
All Clocks automatically detected
1 primary clock identified:
Clock Name: d_type.clk Clock Domain Name: clk_group (automatically detected) Fanout: 1
===============================
Internal Clock Report:
0 internally generated clocks identified
===============================
Time to generate Clocks report: 0.05 seconds
===============================
Blue Pearl Gated Clocks Report created on: Thu Sep 12 10:15:23 2019
--BPS-0730: Status: Creating 'C:/Users/aptay/Dropbox/adiuvo/bluepearl/BPS_custom_blog/Results/d_type_rtl.gated_clk.rpt'.
===============================
===============================
Gated Clock Report:
0 gated clocks identified
===============================
Time to generate Gated Clocks report: 0.04 seconds
--BPS-0730: Status: Performing Design Reports Processing...
===============================
Blue Pearl Latches Report created on: Thu Sep 12 10:15:23 2019
--BPS-0730: Status: Creating 'C:/Users/aptay/Dropbox/adiuvo/bluepearl/BPS_custom_blog/Results/d_type_rtl.lth.rpt'.
===============================
0 D-type latch registers:
===============================
===============================
Time to generate Latches report: 0.04 seconds
===============================
Blue Pearl DFFs Report created on: Thu Sep 12 10:15:23 2019
--BPS-0730: Status: Creating 'C:/Users/aptay/Dropbox/adiuvo/bluepearl/BPS_custom_blog/Results/d_type_rtl.dff.rpt'.
===============================
1 D-type flip-flop registers:
===============================
--BPS-0730: Status: Reporting flip-flop (1 of 1).
d_type.q_out type reset Dff Data Clock Domain:  Clock Pin's Domain: clk_group Fanout: 1
===============================
Time to generate DFFs report: 0.05 seconds
--BPS-0730: Status: Completed Design Reports Processing. Elapsed time: 0.11 seconds.
--BPS-0730: Status: Writing design database.
--BPS-0730: Status: Writing to Design Database (1 of 1).
--BPS-0730: Status: Writing Clock Information to Design Database Clock (1 of 1).
--BPS-0730: Status: Writing Net Clock Domain Information to Design Database (1 of 5).
--BPS-0730: Status: Writing Net Clock Domain Information to Design Database (5 of 5).
--BPS-0730: Status: Finished writing design database. Elapsed Time: 0.07 seconds.
===============================
--BPS-0730: Status: Blue Pearl completed.
--BPS-0730: Status: Time: Thu Sep 12 10:15:23 2019
===============================
--BPS-0730: Status: Creating 'C:/Users/aptay/Dropbox/adiuvo/bluepearl/BPS_custom_blog/Results/DesignSummary.rpt'.
Time to generate Design Summary report: 0.59 seconds
===============================
Message ID Summary Report:
Property Check  BPS-0040: 1 warning
Property Check  BPS-0729: 7 comments
Property Check  BPS-0730: 96 comments
Property Check VERI-9014: 1 informational
Property Check VHDL-1010: 1 informational
Property Check VHDL-1012: 1 informational
Property Check VHDL-1067: 2 informationals
Property Check VHDL-1481: 1 comment
Property Check VHDL-1493: 3 comments
Property Check VHDL-1504: 1 informational
Property Check VHDL-9010: 1 informational
Property Check VNLR-9000: 2 informationals

Property Check Message Severity Summary:
0 errors
1 warning
9 informationals
107 comments
--BPS-0730: Status: Total analysis elapsed time: 3 seconds
===============================
--BPS-0730: Status: Blue Pearl completed.
--BPS-0730: Status: Time: Thu Sep 12 10:15:24 2019
===============================
